Performing C SOURCE FILE Test CMAKE_HAVE_LIBC_PTHREAD failed with the following output:
Change Dir: /home/wu/my_dog_8/build/CMakeFiles/CMakeTmp

Run Build Command(s):/usr/bin/make -f Makefile cmTC_ef4e5/fast && make[1]: 进入目录“/home/wu/my_dog_8/build/CMakeFiles/CMakeTmp”
/usr/bin/make  -f CMakeFiles/cmTC_ef4e5.dir/build.make CMakeFiles/cmTC_ef4e5.dir/build
make[2]: 进入目录“/home/wu/my_dog_8/build/CMakeFiles/CMakeTmp”
Building C object CMakeFiles/cmTC_ef4e5.dir/src.c.o
/usr/bin/cc -DCMAKE_HAVE_LIBC_PTHREAD   -o CMakeFiles/cmTC_ef4e5.dir/src.c.o -c /home/wu/my_dog_8/build/CMakeFiles/CMakeTmp/src.c
Linking C executable cmTC_ef4e5
/usr/local/bin/cmake -E cmake_link_script CMakeFiles/cmTC_ef4e5.dir/link.txt --verbose=1
/usr/bin/cc CMakeFiles/cmTC_ef4e5.dir/src.c.o -o cmTC_ef4e5 
/usr/bin/ld: CMakeFiles/cmTC_ef4e5.dir/src.c.o: in function `main':
src.c:(.text+0x46): undefined reference to `pthread_create'
/usr/bin/ld: src.c:(.text+0x52): undefined reference to `pthread_detach'
/usr/bin/ld: src.c:(.text+0x5e): undefined reference to `pthread_cancel'
/usr/bin/ld: src.c:(.text+0x6f): undefined reference to `pthread_join'
collect2: error: ld returned 1 exit status
make[2]: *** [CMakeFiles/cmTC_ef4e5.dir/build.make:99：cmTC_ef4e5] 错误 1
make[2]: 离开目录“/home/wu/my_dog_8/build/CMakeFiles/CMakeTmp”
make[1]: *** [Makefile:127：cmTC_ef4e5/fast] 错误 2
make[1]: 离开目录“/home/wu/my_dog_8/build/CMakeFiles/CMakeTmp”


Source file was:
#include <pthread.h>

static void* test_func(void* data)
{
  return data;
}

int main(void)
{
  pthread_t thread;
  pthread_create(&thread, NULL, test_func, NULL);
  pthread_detach(thread);
  pthread_cancel(thread);
  pthread_join(thread, NULL);
  pthread_atfork(NULL, NULL, NULL);
  pthread_exit(NULL);

  return 0;
}

Determining if the function pthread_create exists in the pthreads failed with the following output:
Change Dir: /home/wu/my_dog_8/build/CMakeFiles/CMakeTmp

Run Build Command(s):/usr/bin/make -f Makefile cmTC_7dd91/fast && make[1]: 进入目录“/home/wu/my_dog_8/build/CMakeFiles/CMakeTmp”
/usr/bin/make  -f CMakeFiles/cmTC_7dd91.dir/build.make CMakeFiles/cmTC_7dd91.dir/build
make[2]: 进入目录“/home/wu/my_dog_8/build/CMakeFiles/CMakeTmp”
Building C object CMakeFiles/cmTC_7dd91.dir/CheckFunctionExists.c.o
/usr/bin/cc   -DCHECK_FUNCTION_EXISTS=pthread_create -o CMakeFiles/cmTC_7dd91.dir/CheckFunctionExists.c.o -c /usr/local/share/cmake-3.20/Modules/CheckFunctionExists.c
Linking C executable cmTC_7dd91
/usr/local/bin/cmake -E cmake_link_script CMakeFiles/cmTC_7dd91.dir/link.txt --verbose=1
/usr/bin/cc  -DCHECK_FUNCTION_EXISTS=pthread_create CMakeFiles/cmTC_7dd91.dir/CheckFunctionExists.c.o -o cmTC_7dd91  -lpthreads 
/usr/bin/ld: 找不到 -lpthreads
collect2: error: ld returned 1 exit status
make[2]: *** [CMakeFiles/cmTC_7dd91.dir/build.make:99：cmTC_7dd91] 错误 1
make[2]: 离开目录“/home/wu/my_dog_8/build/CMakeFiles/CMakeTmp”
make[1]: *** [Makefile:127：cmTC_7dd91/fast] 错误 2
make[1]: 离开目录“/home/wu/my_dog_8/build/CMakeFiles/CMakeTmp”



